<?xml version="1.0" encoding="UTF-8"?>
<!-- Generated by org.testng.reporters.JUnitReportReporter -->
<testsuite hostname="DESKTOP-5FVCA0P" failures="0" tests="1" name="learning.git.java.LearningGit1" time="0.029" errors="0" timestamp="2021-11-28T21:10:33 IST" skipped="0">
  <testcase classname="learning.git.java.LearningGit1" name="addfn" time="0.029"/>
  <system-out/>
</testsuite> <!-- learning.git.java.LearningGit1 -->
